20:18:34 **** Build of configuration Debug for project project3 ****
make all 
Building file: ../app.c
Invoking: AVR Compiler
avr-gcc -Wall -g2 -gstabs -O0 -fpack-struct -fshort-enums -ffunction-sections -fdata-sections -std=gnu99 -funsigned-char -funsigned-bitfields -mmcu=atmega32 -DF_CPU=1000000UL -MMD -MP -MF"app.d" -MT"app.o" -c -o "app.o" "../app.c"
../app.c:2: warning: return type of 'main' is not 'int'
Finished building: ../app.c
 
Building file: ../gpio.c
Invoking: AVR Compiler
avr-gcc -Wall -g2 -gstabs -O0 -fpack-struct -fshort-enums -ffunction-sections -fdata-sections -std=gnu99 -funsigned-char -funsigned-bitfields -mmcu=atmega32 -DF_CPU=1000000UL -MMD -MP -MF"gpio.d" -MT"gpio.o" -c -o "gpio.o" "../gpio.c"
Finished building: ../gpio.c
 
Building file: ../lcd.c
Invoking: AVR Compiler
avr-gcc -Wall -g2 -gstabs -O0 -fpack-struct -fshort-enums -ffunction-sections -fdata-sections -std=gnu99 -funsigned-char -funsigned-bitfields -mmcu=atmega32 -DF_CPU=1000000UL -MMD -MP -MF"lcd.d" -MT"lcd.o" -c -o "lcd.o" "../lcd.c"
In file included from ../lcd.c:4:
c:/winavr-20100110/lib/gcc/../../avr/include/util/delay.h:90:3: warning: #warning "Compiler optimizations disabled; functions from <util/delay.h> won't work as designed"
../lcd.c: In function 'LCD_intgerToString':
../lcd.c:125: warning: implicit declaration of function 'itoa'
Finished building: ../lcd.c
 
Building file: ../timer0_pwm.c
Invoking: AVR Compiler
avr-gcc -Wall -g2 -gstabs -O0 -fpack-struct -fshort-enums -ffunction-sections -fdata-sections -std=gnu99 -funsigned-char -funsigned-bitfields -mmcu=atmega32 -DF_CPU=1000000UL -MMD -MP -MF"timer0_pwm.d" -MT"timer0_pwm.o" -c -o "timer0_pwm.o" "../timer0_pwm.c"
Finished building: ../timer0_pwm.c
 
Building target: project3.elf
Invoking: AVR C Linker
avr-gcc -Wl,-Map,project3.map -mmcu=atmega32 -o "project3.elf"  ./app.o ./gpio.o ./lcd.o ./timer0_pwm.o   
Finished building target: project3.elf
 
Invoking: AVR Create Extended Listing
avr-objdump -h -S project3.elf  >"project3.lss"
Finished building: project3.lss
 
Invoking: Print Size
avr-size --format=avr --mcu=atmega32 project3.elf
AVR Memory Usage
----------------
Device: atmega32

Program:    7554 bytes (23.1% Full)
(.text + .data + .bootloader)

Data:          8 bytes (0.4% Full)
(.data + .bss + .noinit)


Finished building: sizedummy
 
20:19:09 **** Incremental Build of configuration Debug for project project3 ****
make all 
Building file: ../app.c
Invoking: AVR Compiler
avr-gcc -Wall -g2 -gstabs -O0 -fpack-struct -fshort-enums -ffunction-sections -fdata-sections -std=gnu99 -funsigned-char -funsigned-bitfields -mmcu=atmega32 -DF_CPU=1000000UL -MMD -MP -MF"app.d" -MT"app.o" -c -o "app.o" "../app.c"
../app.c:2: warning: return type of 'main' is not 'int'
Finished building: ../app.c
 
Building target: project3.elf
Invoking: AVR C Linker
avr-gcc -Wl,-Map,project3.map -mmcu=atmega32 -o "project3.elf"  ./app.o ./gpio.o ./lcd.o ./timer0_pwm.o   
Finished building target: project3.elf
 
Invoking: AVR Create Extended Listing
avr-objdump -h -S project3.elf  >"project3.lss"
Finished building: project3.lss
 
Invoking: Print Size
avr-size --format=avr --mcu=atmega32 project3.elf
AVR Memory Usage
----------------
Device: atmega32

Program:    7554 bytes (23.1% Full)
(.text + .data + .bootloader)

Data:          8 bytes (0.4% Full)
(.data + .bss + .noinit)


Finished building: sizedummy
 
20:27:06 **** Incremental Build of configuration Debug for project project3 ****
make all 
Building file: ../adc.c
Invoking: AVR Compiler
avr-gcc -Wall -g2 -gstabs -O0 -fpack-struct -fshort-enums -ffunction-sections -fdata-sections -std=gnu99 -funsigned-char -funsigned-bitfields -mmcu=atmega32 -DF_CPU=1000000UL -MMD -MP -MF"adc.d" -MT"adc.o" -c -o "adc.o" "../adc.c"
Finished building: ../adc.c
 
Building file: ../app.c
Invoking: AVR Compiler
avr-gcc -Wall -g2 -gstabs -O0 -fpack-struct -fshort-enums -ffunction-sections -fdata-sections -std=gnu99 -funsigned-char -funsigned-bitfields -mmcu=atmega32 -DF_CPU=1000000UL -MMD -MP -MF"app.d" -MT"app.o" -c -o "app.o" "../app.c"
../app.c:2: warning: return type of 'main' is not 'int'
Finished building: ../app.c
 
Building file: ../gpio.c
Invoking: AVR Compiler
avr-gcc -Wall -g2 -gstabs -O0 -fpack-struct -fshort-enums -ffunction-sections -fdata-sections -std=gnu99 -funsigned-char -funsigned-bitfields -mmcu=atmega32 -DF_CPU=1000000UL -MMD -MP -MF"gpio.d" -MT"gpio.o" -c -o "gpio.o" "../gpio.c"
Finished building: ../gpio.c
 
Building file: ../lcd.c
Invoking: AVR Compiler
avr-gcc -Wall -g2 -gstabs -O0 -fpack-struct -fshort-enums -ffunction-sections -fdata-sections -std=gnu99 -funsigned-char -funsigned-bitfields -mmcu=atmega32 -DF_CPU=1000000UL -MMD -MP -MF"lcd.d" -MT"lcd.o" -c -o "lcd.o" "../lcd.c"
In file included from ../lcd.c:4:
c:/winavr-20100110/lib/gcc/../../avr/include/util/delay.h:90:3: warning: #warning "Compiler optimizations disabled; functions from <util/delay.h> won't work as designed"
../lcd.c: In function 'LCD_intgerToString':
../lcd.c:125: warning: implicit declaration of function 'itoa'
Finished building: ../lcd.c
 
Building file: ../timer0_pwm.c
Invoking: AVR Compiler
avr-gcc -Wall -g2 -gstabs -O0 -fpack-struct -fshort-enums -ffunction-sections -fdata-sections -std=gnu99 -funsigned-char -funsigned-bitfields -mmcu=atmega32 -DF_CPU=1000000UL -MMD -MP -MF"timer0_pwm.d" -MT"timer0_pwm.o" -c -o "timer0_pwm.o" "../timer0_pwm.c"
Finished building: ../timer0_pwm.c
 
Building target: project3.elf
Invoking: AVR C Linker
avr-gcc -Wl,-Map,project3.map -mmcu=atmega32 -o "project3.elf"  ./adc.o ./app.o ./gpio.o ./lcd.o ./timer0_pwm.o   
Finished building target: project3.elf
 
Invoking: AVR Create Extended Listing
avr-objdump -h -S project3.elf  >"project3.lss"
Finished building: project3.lss
 
Invoking: Print Size
avr-size --format=avr --mcu=atmega32 project3.elf
AVR Memory Usage
----------------
Device: atmega32

Program:    7554 bytes (23.1% Full)
(.text + .data + .bootloader)

Data:          8 bytes (0.4% Full)
(.data + .bss + .noinit)


Finished building: sizedummy
 
21:19:02 **** Incremental Build of configuration Debug for project project3 ****
make all 
Building file: ../adc.c
Invoking: AVR Compiler
avr-gcc -Wall -g2 -gstabs -O0 -fpack-struct -fshort-enums -ffunction-sections -fdata-sections -std=gnu99 -funsigned-char -funsigned-bitfields -mmcu=atmega32 -DF_CPU=1000000UL -MMD -MP -MF"adc.d" -MT"adc.o" -c -o "adc.o" "../adc.c"
Finished building: ../adc.c
 
Building file: ../app.c
Invoking: AVR Compiler
avr-gcc -Wall -g2 -gstabs -O0 -fpack-struct -fshort-enums -ffunction-sections -fdata-sections -std=gnu99 -funsigned-char -funsigned-bitfields -mmcu=atmega32 -DF_CPU=1000000UL -MMD -MP -MF"app.d" -MT"app.o" -c -o "app.o" "../app.c"
../app.c:2: warning: return type of 'main' is not 'int'
Finished building: ../app.c
 
Building file: ../gpio.c
Invoking: AVR Compiler
avr-gcc -Wall -g2 -gstabs -O0 -fpack-struct -fshort-enums -ffunction-sections -fdata-sections -std=gnu99 -funsigned-char -funsigned-bitfields -mmcu=atmega32 -DF_CPU=1000000UL -MMD -MP -MF"gpio.d" -MT"gpio.o" -c -o "gpio.o" "../gpio.c"
Finished building: ../gpio.c
 
Building file: ../lcd.c
Invoking: AVR Compiler
avr-gcc -Wall -g2 -gstabs -O0 -fpack-struct -fshort-enums -ffunction-sections -fdata-sections -std=gnu99 -funsigned-char -funsigned-bitfields -mmcu=atmega32 -DF_CPU=1000000UL -MMD -MP -MF"lcd.d" -MT"lcd.o" -c -o "lcd.o" "../lcd.c"
In file included from ../lcd.c:4:
c:/winavr-20100110/lib/gcc/../../avr/include/util/delay.h:90:3: warning: #warning "Compiler optimizations disabled; functions from <util/delay.h> won't work as designed"
../lcd.c: In function 'LCD_intgerToString':
../lcd.c:125: warning: implicit declaration of function 'itoa'
Finished building: ../lcd.c
 
Building file: ../lm35_sensor.c
Invoking: AVR Compiler
avr-gcc -Wall -g2 -gstabs -O0 -fpack-struct -fshort-enums -ffunction-sections -fdata-sections -std=gnu99 -funsigned-char -funsigned-bitfields -mmcu=atmega32 -DF_CPU=1000000UL -MMD -MP -MF"lm35_sensor.d" -MT"lm35_sensor.o" -c -o "lm35_sensor.o" "../lm35_sensor.c"
Finished building: ../lm35_sensor.c
 
Building file: ../motor.c
Invoking: AVR Compiler
avr-gcc -Wall -g2 -gstabs -O0 -fpack-struct -fshort-enums -ffunction-sections -fdata-sections -std=gnu99 -funsigned-char -funsigned-bitfields -mmcu=atmega32 -DF_CPU=1000000UL -MMD -MP -MF"motor.d" -MT"motor.o" -c -o "motor.o" "../motor.c"
Finished building: ../motor.c
 
Building file: ../timer0_pwm.c
Invoking: AVR Compiler
avr-gcc -Wall -g2 -gstabs -O0 -fpack-struct -fshort-enums -ffunction-sections -fdata-sections -std=gnu99 -funsigned-char -funsigned-bitfields -mmcu=atmega32 -DF_CPU=1000000UL -MMD -MP -MF"timer0_pwm.d" -MT"timer0_pwm.o" -c -o "timer0_pwm.o" "../timer0_pwm.c"
Finished building: ../timer0_pwm.c
 
Building target: project3.elf
Invoking: AVR C Linker
avr-gcc -Wl,-Map,project3.map -mmcu=atmega32 -o "project3.elf"  ./adc.o ./app.o ./gpio.o ./lcd.o ./lm35_sensor.o ./motor.o ./timer0_pwm.o   
Finished building target: project3.elf
 
Invoking: AVR Create Extended Listing
avr-objdump -h -S project3.elf  >"project3.lss"
Finished building: project3.lss
 
Invoking: Print Size
avr-size --format=avr --mcu=atmega32 project3.elf
AVR Memory Usage
----------------
Device: atmega32

Program:    9124 bytes (27.8% Full)
(.text + .data + .bootloader)

Data:        264 bytes (12.9% Full)
(.data + .bss + .noinit)


Finished building: sizedummy
 
21:20:15 **** Incremental Build of configuration Debug for project project3 ****
make all 
Building file: ../lcd.c
Invoking: AVR Compiler
avr-gcc -Wall -g2 -gstabs -O0 -fpack-struct -fshort-enums -ffunction-sections -fdata-sections -std=gnu99 -funsigned-char -funsigned-bitfields -mmcu=atmega32 -DF_CPU=1000000UL -MMD -MP -MF"lcd.d" -MT"lcd.o" -c -o "lcd.o" "../lcd.c"
In file included from ../lcd.c:4:
c:/winavr-20100110/lib/gcc/../../avr/include/util/delay.h:90:3: warning: #warning "Compiler optimizations disabled; functions from <util/delay.h> won't work as designed"
../lcd.c: In function 'LCD_intgerToString':
../lcd.c:125: warning: implicit declaration of function 'itoa'
Finished building: ../lcd.c
 
Building target: project3.elf
Invoking: AVR C Linker
avr-gcc -Wl,-Map,project3.map -mmcu=atmega32 -o "project3.elf"  ./adc.o ./app.o ./gpio.o ./lcd.o ./lm35_sensor.o ./motor.o ./timer0_pwm.o   
Finished building target: project3.elf
 
Invoking: AVR Create Extended Listing
avr-objdump -h -S project3.elf  >"project3.lss"
Finished building: project3.lss
 
Invoking: Print Size
avr-size --format=avr --mcu=atmega32 project3.elf
AVR Memory Usage
----------------
Device: atmega32

Program:    9124 bytes (27.8% Full)
(.text + .data + .bootloader)

Data:        264 bytes (12.9% Full)
(.data + .bss + .noinit)


Finished building: sizedummy
 
21:20:37 **** Incremental Build of configuration Debug for project project3 ****
make all 
Building file: ../app.c
Invoking: AVR Compiler
avr-gcc -Wall -g2 -gstabs -O0 -fpack-struct -fshort-enums -ffunction-sections -fdata-sections -std=gnu99 -funsigned-char -funsigned-bitfields -mmcu=atmega32 -DF_CPU=1000000UL -MMD -MP -MF"app.d" -MT"app.o" -c -o "app.o" "../app.c"
../app.c:5: warning: return type of 'main' is not 'int'
../app.c: In function 'main':
../app.c:16: warning: implicit declaration of function 'LM35_getTemperature'
Finished building: ../app.c
 
Building target: project3.elf
Invoking: AVR C Linker
avr-gcc -Wl,-Map,project3.map -mmcu=atmega32 -o "project3.elf"  ./adc.o ./app.o ./gpio.o ./lcd.o ./lm35_sensor.o ./motor.o ./timer0_pwm.o   
Finished building target: project3.elf
 
Invoking: AVR Create Extended Listing
avr-objdump -h -S project3.elf  >"project3.lss"
Finished building: project3.lss
 
Invoking: Print Size
avr-size --format=avr --mcu=atmega32 project3.elf
AVR Memory Usage
----------------
Device: atmega32

Program:    9514 bytes (29.0% Full)
(.text + .data + .bootloader)

Data:        287 bytes (14.0% Full)
(.data + .bss + .noinit)


Finished building: sizedummy
 
21:22:25 **** Incremental Build of configuration Debug for project project3 ****
make all 
Building file: ../app.c
Invoking: AVR Compiler
avr-gcc -Wall -g2 -gstabs -O0 -fpack-struct -fshort-enums -ffunction-sections -fdata-sections -std=gnu99 -funsigned-char -funsigned-bitfields -mmcu=atmega32 -DF_CPU=1000000UL -MMD -MP -MF"app.d" -MT"app.o" -c -o "app.o" "../app.c"
../app.c:5: warning: return type of 'main' is not 'int'
../app.c: In function 'main':
../app.c:16: warning: implicit declaration of function 'LM35_getTemperature'
Finished building: ../app.c
 
Building target: project3.elf
Invoking: AVR C Linker
avr-gcc -Wl,-Map,project3.map -mmcu=atmega32 -o "project3.elf"  ./adc.o ./app.o ./gpio.o ./lcd.o ./lm35_sensor.o ./motor.o ./timer0_pwm.o   
Finished building target: project3.elf
 
Invoking: AVR Create Extended Listing
avr-objdump -h -S project3.elf  >"project3.lss"
Finished building: project3.lss
 
Invoking: Print Size
avr-size --format=avr --mcu=atmega32 project3.elf
AVR Memory Usage
----------------
Device: atmega32

Program:    9494 bytes (29.0% Full)
(.text + .data + .bootloader)

Data:        287 bytes (14.0% Full)
(.data + .bss + .noinit)


Finished building: sizedummy
 
