21:22:25 **** Incremental Build of configuration Debug for project project3 ****
make all 
Building file: ../app.c
Invoking: AVR Compiler
avr-gcc -Wall -g2 -gstabs -O0 -fpack-struct -fshort-enums -ffunction-sections -fdata-sections -std=gnu99 -funsigned-char -funsigned-bitfields -mmcu=atmega32 -DF_CPU=1000000UL -MMD -MP -MF"app.d" -MT"app.o" -c -o "app.o" "../app.c"
../app.c:5: warning: return type of 'main' is not 'int'
../app.c: In function 'main':
../app.c:16: warning: implicit declaration of function 'LM35_getTemperature'
Finished building: ../app.c
 
Building target: project3.elf
Invoking: AVR C Linker
avr-gcc -Wl,-Map,project3.map -mmcu=atmega32 -o "project3.elf"  ./adc.o ./app.o ./gpio.o ./lcd.o ./lm35_sensor.o ./motor.o ./timer0_pwm.o   
Finished building target: project3.elf
 
Invoking: AVR Create Extended Listing
avr-objdump -h -S project3.elf  >"project3.lss"
Finished building: project3.lss
 
Invoking: Print Size
avr-size --format=avr --mcu=atmega32 project3.elf
AVR Memory Usage
----------------
Device: atmega32

Program:    9494 bytes (29.0% Full)
(.text + .data + .bootloader)

Data:        287 bytes (14.0% Full)
(.data + .bss + .noinit)


Finished building: sizedummy
 

21:22:26 Build Finished. 0 errors, 2 warnings. (took 728ms)

